0 info it worked if it ends with ok
1 verbose cli [ '/usr/local/bin/node',
1 verbose cli   '/usr/local/bin/npm',
1 verbose cli   'install',
1 verbose cli   'node-openvg-canvas' ]
2 info using npm@1.3.21
3 info using node@v0.10.24
4 warn package.json webgl@0.0.7 No repository field.
5 verbose cache add [ 'node-openvg-canvas', null ]
6 verbose cache add name=undefined spec="node-openvg-canvas" args=["node-openvg-canvas",null]
7 verbose parsed url { protocol: null,
7 verbose parsed url   slashes: null,
7 verbose parsed url   auth: null,
7 verbose parsed url   host: null,
7 verbose parsed url   port: null,
7 verbose parsed url   hostname: null,
7 verbose parsed url   hash: null,
7 verbose parsed url   search: null,
7 verbose parsed url   query: null,
7 verbose parsed url   pathname: 'node-openvg-canvas',
7 verbose parsed url   path: 'node-openvg-canvas',
7 verbose parsed url   href: 'node-openvg-canvas' }
8 silly lockFile aa0d1754-node-openvg-canvas node-openvg-canvas
9 verbose lock node-openvg-canvas /home/pi/.npm/aa0d1754-node-openvg-canvas.lock
10 silly lockFile aa0d1754-node-openvg-canvas node-openvg-canvas
11 silly lockFile aa0d1754-node-openvg-canvas node-openvg-canvas
12 verbose addNamed [ 'node-openvg-canvas', '' ]
13 verbose addNamed [ null, '*' ]
14 silly lockFile 45ef5199-node-openvg-canvas node-openvg-canvas@
15 verbose lock node-openvg-canvas@ /home/pi/.npm/45ef5199-node-openvg-canvas.lock
16 silly addNameRange { name: 'node-openvg-canvas', range: '*', hasData: false }
17 verbose url raw node-openvg-canvas
18 verbose url resolving [ 'https://registry.npmjs.org/', './node-openvg-canvas' ]
19 verbose url resolved https://registry.npmjs.org/node-openvg-canvas
20 info trying registry request attempt 1 at 16:26:02
21 http GET https://registry.npmjs.org/node-openvg-canvas
22 http 404 https://registry.npmjs.org/node-openvg-canvas
23 silly registry.get cb [ 404,
23 silly registry.get   { date: 'Tue, 04 Feb 2014 16:26:03 GMT',
23 silly registry.get     server: 'CouchDB/1.5.0 (Erlang OTP/R16B)',
23 silly registry.get     'content-type': 'application/json',
23 silly registry.get     via: '1.1 varnish',
23 silly registry.get     'cache-control': 'max-age=0',
23 silly registry.get     'content-length': '52',
23 silly registry.get     'accept-ranges': 'bytes',
23 silly registry.get     age: '0',
23 silly registry.get     'x-served-by': 'cache-v42-ASH, cache-d96-DAL',
23 silly registry.get     'x-cache': 'MISS, MISS',
23 silly registry.get     'x-cache-hits': '0, 0',
23 silly registry.get     'x-timer': 'S1391531163.094785690,VS0,VS18,VE38,VE54',
23 silly registry.get     'keep-alive': 'timeout=10, max=50',
23 silly registry.get     connection: 'Keep-Alive' } ]
24 silly lockFile 45ef5199-node-openvg-canvas node-openvg-canvas@
25 silly lockFile 45ef5199-node-openvg-canvas node-openvg-canvas@
26 error 404 'node-openvg-canvas' is not in the npm registry.
26 error 404 You should bug the author to publish it
26 error 404
26 error 404 Maybe try 'npm search openvg canvas'
26 error 404
26 error 404 Note that you can also install from a
26 error 404 tarball, folder, or http url, or git url.
27 error System Linux 3.10.25+
28 error command "/usr/local/bin/node" "/usr/local/bin/npm" "install" "node-openvg-canvas"
29 error cwd /home/pi/RasLabTweetBot
30 error node -v v0.10.24
31 error npm -v 1.3.21
32 error code E404
33 verbose exit [ 1, true ]
